[debug] [2020-08-09T01:11:10.952Z] ----------------------------------------------------------------------
[debug] [2020-08-09T01:11:10.955Z] Command:       C:\Program Files\nodejs\node.exe C:\Users\Dan\AppData\Roaming\npm\node_modules\firebase-tools\lib\bin\firebase.js init
[debug] [2020-08-09T01:11:10.955Z] CLI Version:   8.7.0
[debug] [2020-08-09T01:11:10.955Z] Platform:      win32
[debug] [2020-08-09T01:11:10.955Z] Node Version:  v12.16.0
[debug] [2020-08-09T01:11:10.956Z] Time:          Sat Aug 08 2020 20:11:10 GMT-0500 (Central Daylight Time)
[debug] [2020-08-09T01:11:10.957Z] ----------------------------------------------------------------------
[debug] [2020-08-09T01:11:10.957Z] 
[debug] [2020-08-09T01:11:10.964Z] > command requires scopes: ["email","openid","https://www.googleapis.com/auth/cloudplatformprojects.readonly","https://www.googleapis.com/auth/firebase","https://www.googleapis.com/auth/cloud-platform"]
[debug] [2020-08-09T01:11:10.964Z] > authorizing via signed-in user
[info] 
     ######## #### ########  ######## ########     ###     ######  ########
     ##        ##  ##     ## ##       ##     ##  ##   ##  ##       ##
     ######    ##  ########  ######   ########  #########  ######  ######
     ##        ##  ##    ##  ##       ##     ## ##     ##       ## ##
     ##       #### ##     ## ######## ########  ##     ##  ######  ########

You're about to initialize a Firebase project in this directory:

  E:\git\portfolio-website

Before we get started, keep in mind:

  * You are initializing in an existing Firebase project directory

[info] 
=== Project Setup
[info] 
[info] First, let's associate this project directory with a Firebase project.
[info] You can create multiple project aliases by running firebase use --add, 
[info] but for now we'll just set up a default project.
[info] 
[info] i  .firebaserc already has a default project, using danielcashion. 
[debug] [2020-08-09T01:11:17.803Z] >>> HTTP REQUEST GET https://firebase.googleapis.com/v1beta1/projects/danielcashion  
 
[debug] [2020-08-09T01:11:18.019Z] <<< HTTP RESPONSE 200 {"content-type":"application/json; charset=UTF-8","vary":"X-Origin, Referer, Origin,Accept-Encoding","date":"Sun, 09 Aug 2020 01:11:19 GMT","server":"ESF","cache-control":"private","x-xss-protection":"0","x-frame-options":"SAMEORIGIN","x-content-type-options":"nosniff","alt-svc":"h3-29=\":443\"; ma=2592000,h3-27=\":443\"; ma=2592000,h3-T050=\":443\"; ma=2592000,h3-Q050=\":443\"; ma=2592000,h3-Q046=\":443\"; ma=2592000,h3-Q043=\":443\"; ma=2592000,quic=\":443\"; ma=2592000; v=\"46,43\"","accept-ranges":"none","transfer-encoding":"chunked"}
[info] 
=== Hosting Setup
[info] 
[info] Your public directory is the folder (relative to your project directory) that
[info] will contain Hosting assets to be uploaded with firebase deploy. If you
[info] have a build process for your assets, use your build's output directory.
[info] 
